2022-12-13 11:15:19,228 Chat processor load started
2022-12-13 11:15:30,932 Loaded 149 commands.
2022-12-13 11:15:32,479 Command dye is already registered. Fail
2022-12-13 11:15:32,479 Command clean is already registered. Fail
2022-12-13 11:15:32,479 Loaded 184 commands.
2022-12-13 11:15:32,744 Loaded 186 commands.
2022-12-13 11:21:29,052 [ADMIN COMMAND] > [Name: Admin]: speed 200
2022-12-13 11:28:48,261 [ADMIN COMMAND] > [Name: Admin]: goto poeta
2022-12-13 11:29:52,579 [ADMIN COMMAND] > [Name: Admin][Target : Quinnye]: set level 9
2022-12-13 11:30:03,510 [ADMIN COMMAND] > [Name: Admin][Target : Quinnye]: set level 11
2022-12-13 11:30:38,949 [ADMIN COMMAND] > [Player: Quinnye] has tried to use the command movetonpc without having the rights
2022-12-13 11:30:58,213 [ADMIN COMMAND] > [Name: Admin][Target : Quinnye]: movetonpc 790001
2022-12-13 11:31:07,325 [ADMIN COMMAND] > [Name: Admin]: movetomeall 
2022-12-13 11:31:30,203 [ADMIN COMMAND] > [Name: Admin]: movetome all
2022-12-13 11:31:41,112 [ADMIN COMMAND] > [Name: Admin]: movetome Quinnye
2022-12-13 11:32:18,484 [ADMIN COMMAND] > [Name: Admin]: movetonpc Daminu
2022-12-13 11:32:25,407 [ADMIN COMMAND] > [Name: Admin]: movetome Quinnye
2022-12-13 11:39:55,029 [ADMIN COMMAND] > [Name: Admin][Target : Daminu]: goto sanctum
2022-12-13 11:40:10,843 [ADMIN COMMAND] > [Name: Admin][Target : Quinnye]: promote 1
2022-12-13 11:40:24,073 [ADMIN COMMAND] > [Name: Admin][Target : Quinnye]: promote Quinnye 1
2022-12-13 11:40:45,832 [ADMIN COMMAND] > [Name: Admin][Target : Quinnye]: promote Quinnye 1| vip
2022-12-13 11:40:55,588 [ADMIN COMMAND] > [Name: Admin][Target : Quinnye]: promote Quinnye 1| 1
2022-12-13 11:41:02,436 [ADMIN COMMAND] > [Name: Admin][Target : Quinnye]: promote Quinnye | 1
2022-12-13 11:41:12,125 [ADMIN COMMAND] > [Name: Admin][Target : Quinnye]: promote Quinnye vip
2022-12-13 11:41:30,129 [ADMIN COMMAND] > [Name: Admin][Target : Quinnye]: promote Quinnye vip| 1
2022-12-13 11:41:38,661 [ADMIN COMMAND] > [Name: Admin][Target : Quinnye]: promote Quinnye 1| VIP
2022-12-13 11:41:45,677 [ADMIN COMMAND] > [Name: Admin][Target : Quinnye]: promote Quinnye 1| VIP 1
2022-12-13 11:41:58,139 [ADMIN COMMAND] > [Name: Admin][Target : Quinnye]: promote Quinnye 1 | VIP 
2022-12-13 11:42:16,053 [ADMIN COMMAND] > [Name: Admin][Target : Quinnye]: promote Quinnye 1 | 1
2022-12-13 11:42:27,476 [ADMIN COMMAND] > [Name: Admin][Target : Quinnye]: promote Quinnye 1 | 1 VIP
2022-12-13 11:42:32,291 [ADMIN COMMAND] > [Name: Admin][Target : Quinnye]: promote Quinnye 1 | VIP  1
2022-12-13 11:42:40,295 [ADMIN COMMAND] > [Name: Admin][Target : Quinnye]: promote Quinnye 1 | vip 1
2022-12-13 11:42:48,921 [ADMIN COMMAND] > [Name: Admin][Target : Quinnye]: promote Quinnye vip | 1
2022-12-13 11:43:20,240 [ADMIN COMMAND] > [Name: Admin][Target : Quinnye]: announce Hola a tosos
2022-12-13 11:43:31,726 [ADMIN COMMAND] > [Name: Admin][Target : Quinnye]: announce Anonymous Hola a todos
2022-12-13 11:43:54,596 [ADMIN COMMAND] > [Name: Admin][Target : Quinnye]: announce Anonymous Vamos a reiniciar el servidor en uno minutos
2022-12-13 11:44:33,768 [ADMIN COMMAND] > [Name: Admin][Target : Quinnye]: announce Admin Reinicio de Servidor en unos minutos
2022-12-13 11:44:50,494 [ADMIN COMMAND] > [Name: Admin][Target : Quinnye]: announce Anonymous Reinicio de Servidor en unos minutos
2022-12-13 11:45:20,286 [ADMIN COMMAND] > [Player: Quinnye] has tried to use the command announce without having the rights
2022-12-13 11:47:17,622 [ADMIN COMMAND] > [Name: Admin][Target : Quinnye]: speed 250
2022-12-13 11:47:29,214 [ADMIN COMMAND] > [Name: Admin][Target : Quinnye]: speed 250 Quinnye
2022-12-13 11:58:14,410 [ADMIN COMMAND] > [Name: Admin]: notice hola a todos
2022-12-13 11:58:32,505 [ADMIN COMMAND] > [Name: Admin]: notice me la pelan putos de mierda
2022-12-13 11:59:06,506 [ADMIN COMMAND] > [Name: Admin][Target : Quinnye]: sprison
2022-12-13 11:59:21,556 [ADMIN COMMAND] > [Name: Admin][Target : Quinnye]: sprison Quinnye 30 Puto
2022-12-13 12:00:11,815 [ADMIN COMMAND] > [Name: Admin]: rprison
2022-12-13 12:00:18,668 [ADMIN COMMAND] > [Name: Admin]: rprison Quinnye
2022-12-13 12:01:50,761 [ADMIN COMMAND] > [Name: Admin]: moveto 400010000 1596 2952 2943
2022-12-13 12:03:59,373 [ADMIN COMMAND] > [Name: Admin]: moveto ataxiar1
2022-12-13 12:04:04,686 [ADMIN COMMAND] > [Name: Admin]: goto ataxiar1
2022-12-13 12:04:32,845 [ADMIN COMMAND] > [Name: Admin]: goto space
2022-12-13 12:05:11,437 [ADMIN COMMAND] > [Name: Admin]: movetome Quinnye
2022-12-13 12:05:28,654 [ADMIN COMMAND] > [Name: Admin]: invis
2022-12-13 12:05:39,375 [ADMIN COMMAND] > [Name: Admin]: invis Quinnye
2022-12-13 12:05:55,904 [ADMIN COMMAND] > [Name: Admin]: invis 
2022-12-13 12:07:00,688 [ADMIN COMMAND] > [Name: Admin][Target : Quinnye]: invis
2022-12-13 12:07:30,097 [ADMIN COMMAND] > [Name: Admin][Target : Quinnye]: goto trinielarena
2022-12-13 12:07:49,793 [ADMIN COMMAND] > [Name: Admin][Target : Quinnye]: goto karamatis1
2022-12-13 12:07:53,090 [ADMIN COMMAND] > [Name: Admin][Target : Quinnye]: goto karamatis
2022-12-13 12:08:26,632 [ADMIN COMMAND] > [Name: Admin][Target : Quinnye]: equip help
2022-12-13 12:09:10,808 [ADMIN COMMAND] > [Name: Admin][Target : Quinnye]: powerup Quinnye 2
2022-12-13 12:09:37,500 [ADMIN COMMAND] > [Name: Admin][Target : Quinnye]: powerup
2022-12-13 12:11:23,958 [ADMIN COMMAND] > [Name: Admin][Target : Quinnye]: addset 128 Elite Archon Tribunus's Plate Set
2022-12-13 12:11:41,636 [ADMIN COMMAND] > [Name: Admin][Target : Quinnye]: addset Quinnye 128 Elite Archon Tribunus's Plate Set
2022-12-13 12:12:04,522 [ADMIN COMMAND] > [Name: Admin][Target : Quinnye]: addset Quinnye 128
2022-12-13 12:22:21,764 [ADMIN COMMAND] > [Name: Admin][Target : Quinnye]: addset Quinnye 131
2022-12-13 12:22:48,395 [ADMIN COMMAND] > [Name: Admin][Target : Quinnye]: addset Quinnye 197
2022-12-13 12:23:08,824 [ADMIN COMMAND] > [Name: Admin][Target : Quinnye]: addset Quinnye309
2022-12-13 12:23:13,958 [ADMIN COMMAND] > [Name: Admin][Target : Quinnye]: addset Quinnye 309
2022-12-13 12:23:33,199 [ADMIN COMMAND] > [Name: Admin][Target : Quinnye]: addset Quinnye 607
2022-12-13 12:23:51,376 [ADMIN COMMAND] > [Name: Admin][Target : Quinnye]: addset Quinnye 607
2022-12-13 12:24:09,769 [ADMIN COMMAND] > [Name: Admin][Target : Quinnye]: addset Quinnye 608
2022-12-13 12:24:46,529 [ADMIN COMMAND] > [Name: Admin][Target : Quinnye]: addset Quinnye 999
2022-12-13 12:24:54,551 [ADMIN COMMAND] > [Name: Admin][Target : Quinnye]: addset Quinnye 998
2022-12-13 12:25:01,928 [ADMIN COMMAND] > [Name: Admin][Target : Quinnye]: addset Quinnye 701
2022-12-13 12:25:52,274 [ADMIN COMMAND] > [Name: Admin][Target : Quinnye]: addset Quinnye 702
2022-12-13 12:26:07,638 [ADMIN COMMAND] > [Name: Admin][Target : Quinnye]: addset Quinnye 738
2022-12-13 12:26:13,951 [ADMIN COMMAND] > [Name: Admin][Target : Quinnye]: addset Quinnye 730
2022-12-13 12:26:19,873 [ADMIN COMMAND] > [Name: Admin][Target : Quinnye]: addset Quinnye 725
2022-12-13 12:26:25,599 [ADMIN COMMAND] > [Name: Admin][Target : Quinnye]: addset Quinnye 720
2022-12-13 12:26:30,343 [ADMIN COMMAND] > [Name: Admin][Target : Quinnye]: addset Quinnye 718
2022-12-13 12:26:34,890 [ADMIN COMMAND] > [Name: Admin][Target : Quinnye]: addset Quinnye 710
2022-12-13 12:27:01,273 [ADMIN COMMAND] > [Name: Admin][Target : Quinnye]: set level 75
2022-12-13 12:27:26,603 [ADMIN COMMAND] > [Name: Admin][Target : Quinnye]: addset Quinnye 711
2022-12-13 12:27:44,594 [ADMIN COMMAND] > [Name: Admin][Target : Quinnye]: addset Quinnye 708
2022-12-13 12:28:16,073 [ADMIN COMMAND] > [Name: Admin][Target : Quinnye]: addset Quinnye 709
2022-12-13 12:43:50,404 [ADMIN COMMAND] > [Name: Admin]: promote
2022-12-13 12:44:07,296 [ADMIN COMMAND] > [Name: Admin]: promote Quinnye 3 SuperAdmin
2022-12-13 12:44:19,298 [ADMIN COMMAND] > [Name: Admin]: promote Quinnye 3
2022-12-13 12:44:28,050 [ADMIN COMMAND] > [Name: Admin]: promote Quinnye Superadmin 3
2022-12-13 12:44:37,490 [ADMIN COMMAND] > [Name: Admin]: promote Quinnye 3 Admin
2022-12-13 12:44:43,241 [ADMIN COMMAND] > [Name: Admin]: promote Quinnye 3 3
2022-12-13 12:44:53,745 [ADMIN COMMAND] > [Name: Admin]: promote Quinnye 3 | Super Admin
2022-12-13 12:45:11,155 [ADMIN COMMAND] > [Name: Admin]: promote Quinnye Super Admin | 3 
2022-12-13 12:45:28,314 [ADMIN COMMAND] > [Name: Admin]: promote Quinnye 3|1
2022-12-13 12:45:32,814 [ADMIN COMMAND] > [Name: Admin]: promote Quinnye 3 | 1
2022-12-13 12:45:40,082 [ADMIN COMMAND] > [Name: Admin]: promote Quinnye 3 3
2022-12-13 12:45:47,584 [ADMIN COMMAND] > [Name: Admin]: promote Quinnye 3 GM
2022-12-13 12:45:54,132 [ADMIN COMMAND] > [Name: Admin]: promote Quinnye GM
2022-12-13 12:46:01,570 [ADMIN COMMAND] > [Name: Admin]: promote Quinnye 2} GM
2022-12-13 12:50:31,516 [ADMIN COMMAND] > [Name: Admin]: goto Poeta
2022-12-13 12:53:48,589 [ADMIN COMMAND] > [Name: Admin][Target : Quinnye]: moveto 400010000 1365 1177 1516
