2022-12-13 11:21:07,667 [ITEM] ID/Count/Item Name - 182005903/1/Huge Jotun Soul to player Admin
2022-12-13 11:29:27,760 [ITEM] ID/Count/Item Name - 188055235/1/[Jakunerk] Noble Potion Bundle to player Quinnye
2022-12-13 11:31:52,713 [ITEM] ID/Count/Item Name - 182200007/1/Pernos's Potion Bottle to player Quinnye
2022-12-13 11:32:03,621 [ITEM] ID/Count/Item Name - 182200008/1/Potion Bottle Filled With Water to player Quinnye
2022-12-13 11:32:41,927 [ITEM] ID/Count/Item Name - 182200009/1/Daminu's Essence to player Quinnye
2022-12-13 11:37:01,105 [ITEM] ID/Count/Item Name - 162000189/7/[Jakunerk] Refined Recovery Potion to player Quinnye
2022-12-13 11:48:15,089 [ITEM] ID/Count/Item Name - 164000335/1/Returning Stone of Refuge to player Quinnye
2022-12-13 11:48:37,957 [ITEM] ID/Count/Item Name - 190100173/1/Patrol Pagati (7 days) to player Quinnye
2022-12-13 11:51:36,513 [ITEM] ID/Count/Item Name - 185000218/100/Returnees' Noble Box Key (7 days) to player Admin
2022-12-13 11:51:48,578 [ITEM] ID/Count/Item Name - 164000335/100/Returning Stone of Refuge to player Admin
2022-12-13 11:54:10,846 [ITEM] ID/Count/Item Name - 110601328/10/Balance_Test_Plate Armour_E1_65A to player Admin
2022-12-13 11:54:11,221 [ITEM] ID/Count/Item Name - 111601293/10/Balance-Test_PlateGauntlets_E1_65A to player Admin
2022-12-13 11:54:11,346 [ITEM] ID/Count/Item Name - 112601273/10/Balance-Test_PlateSpaulders_E1_65A to player Admin
2022-12-13 11:54:11,471 [ITEM] ID/Count/Item Name - 113601282/10/Balance Test_Plate_Chausses_E1_65A to player Admin
2022-12-13 11:54:11,581 [ITEM] ID/Count/Item Name - 114601277/10/Balance-Test_PlateSabatons_E1_65A to player Admin
2022-12-13 11:54:12,737 [ITEM] ID/Count/Item Name - 101301013/15/Balance-Test_Polearm_E1_65A to player Admin
2022-12-13 11:54:12,878 [ITEM] ID/Count/Item Name - 101301013/15/Balance-Test_Polearm_E1_65A to player Admin
2022-12-13 11:54:13,018 [ITEM] ID/Count/Item Name - 101701106/15/Balance-Test_Bow_E1_65A to player Admin
2022-12-13 11:54:13,143 [ITEM] ID/Count/Item Name - 101701106/15/Balance-Test_Bow_E1_65A to player Admin
2022-12-13 12:12:04,522 [ITEM] ID/Count/Item Name - 110600886/1/Elite Archon Tribunus's Breastplate to player Quinnye
2022-12-13 12:12:04,522 [ITEM] ID/Count/Item Name - 113600851/1/Elite Archon Tribunus's Plate Greaves to player Quinnye
2022-12-13 12:12:04,522 [ITEM] ID/Count/Item Name - 112600841/1/Elite Archon Tribunus's Shoulderplates to player Quinnye
2022-12-13 12:12:04,522 [ITEM] ID/Count/Item Name - 111600867/1/Elite Archon Tribunus's Plate Gauntlets to player Quinnye
2022-12-13 12:12:04,522 [ITEM] ID/Count/Item Name - 114600846/1/Elite Archon Tribunus's Sabatons to player Quinnye
2022-12-13 12:15:53,840 [ITEM] ID/Count/Item Name - 162002024/3/[Jakunerk] Nutritious Meal to player Admin
2022-12-13 12:15:53,840 [ITEM] ID/Count/Item Name - 162002024/3/[Jakunerk] Nutritious Meal to player Quinnye
2022-12-13 12:16:09,608 [ITEM] ID/Count/Item Name - 164002116/1/[Jakunerk] Major Enhanced Running Scroll to player Admin
2022-12-13 12:16:09,608 [ITEM] ID/Count/Item Name - 164002116/1/[Jakunerk] Major Enhanced Running Scroll to player Quinnye
2022-12-13 12:22:21,764 [ITEM] ID/Count/Item Name - 110300951/1/Level 55 Test Eternal Leather Doublet to player Quinnye
2022-12-13 12:22:21,764 [ITEM] ID/Count/Item Name - 113300921/1/Level 55 Test Eternal Breeches to player Quinnye
2022-12-13 12:22:21,764 [ITEM] ID/Count/Item Name - 112300851/1/Level 55 Test Eternal Leather Spaulders to player Quinnye
2022-12-13 12:22:21,764 [ITEM] ID/Count/Item Name - 111300900/1/Level 55 Test Eternal Vambraces to player Quinnye
2022-12-13 12:22:21,764 [ITEM] ID/Count/Item Name - 114300955/1/Level 55 Test Eternal Leather Shoes to player Quinnye
2022-12-13 12:22:48,395 [ITEM] ID/Count/Item Name - 100001252/1/Raksha's Sword to player Quinnye
2022-12-13 12:22:48,395 [ITEM] ID/Count/Item Name - 100001253/1/Raksha's Scale Sword to player Quinnye
2022-12-13 12:23:13,958 [ITEM] ID/Count/Item Name - 121001321/1/Crystal necklace from old Katalam to player Quinnye
2022-12-13 12:23:13,958 [ITEM] ID/Count/Item Name - 120001447/1/Crystal Earring from Old Katalam to player Quinnye
2022-12-13 12:23:13,958 [ITEM] ID/Count/Item Name - 122001590/1/Crystal Ring from Katalam to player Quinnye
2022-12-13 12:23:13,958 [ITEM] ID/Count/Item Name - 123001354/1/Sash from Katalam to player Quinnye
2022-12-13 12:23:51,376 [ITEM] ID/Count/Item Name - 110551269/1/Marchutan's Forces Noble Magic Chain Cuirass to player Quinnye
2022-12-13 12:23:51,376 [ITEM] ID/Count/Item Name - 113501848/1/Marchutan's Forces Noble Magic Chausses to player Quinnye
2022-12-13 12:23:51,376 [ITEM] ID/Count/Item Name - 112501765/1/Marchutan's Forces Noble Magic Chain Shoulderplates to player Quinnye
2022-12-13 12:23:51,376 [ITEM] ID/Count/Item Name - 111501829/1/Marchutan's Forces Noble Magic Chain Gauntlets to player Quinnye
2022-12-13 12:23:51,376 [ITEM] ID/Count/Item Name - 114501856/1/Marchutan's Forces Noble Magic Chain Gaiters to player Quinnye
2022-12-13 12:24:09,769 [ITEM] ID/Count/Item Name - 113601659/1/Anuhart Master Plate Greaves (Gladiator) to player Quinnye
2022-12-13 12:24:09,769 [ITEM] ID/Count/Item Name - 112601657/1/Anuhart Master Shoulderplates (Gladiator) to player Quinnye
2022-12-13 12:24:09,769 [ITEM] ID/Count/Item Name - 111601676/1/Anuhart Master Plate Gauntlets (Gladiator) to player Quinnye
2022-12-13 12:24:09,769 [ITEM] ID/Count/Item Name - 114601665/1/Anuhart Master Sabatons (Gladiator) to player Quinnye
2022-12-13 12:24:09,769 [ITEM] ID/Count/Item Name - 110601712/1/Anuhart Master Breastplate (Gladiator) to player Quinnye
2022-12-13 12:25:01,928 [ITEM] ID/Count/Item Name - 100601812/1/Raging Padmarashka's Spellbook to player Quinnye
2022-12-13 12:25:01,928 [ITEM] ID/Count/Item Name - 110102304/1/Raging Padmarashka's Cloth Coat to player Quinnye
2022-12-13 12:25:01,928 [ITEM] ID/Count/Item Name - 111102108/1/Raging Padmarashka's Cloth Handguards to player Quinnye
2022-12-13 12:25:01,928 [ITEM] ID/Count/Item Name - 112102046/1/Raging Padmarashka's Pauldrons to player Quinnye
2022-12-13 12:25:01,928 [ITEM] ID/Count/Item Name - 113102104/1/Raging Padmarashka's Cloth Leggings to player Quinnye
2022-12-13 12:25:01,928 [ITEM] ID/Count/Item Name - 114102149/1/Raging Padmarashka's Cloth Brogans to player Quinnye
2022-12-13 12:25:52,274 [ITEM] ID/Count/Item Name - 100601813/1/Aggressive Padmarashka's Magic Tome to player Quinnye
2022-12-13 12:25:52,274 [ITEM] ID/Count/Item Name - 110102303/1/Aggressive Padmarashka's Tunic to player Quinnye
2022-12-13 12:25:52,274 [ITEM] ID/Count/Item Name - 111102107/1/Aggressive Padmarashka's Cloth Gloves to player Quinnye
2022-12-13 12:25:52,274 [ITEM] ID/Count/Item Name - 112102045/1/Aggressive Padmarashka's Cloth Shoulderpads to player Quinnye
2022-12-13 12:25:52,274 [ITEM] ID/Count/Item Name - 113102103/1/Aggressive Padmarashka's Cloth Breeches to player Quinnye
2022-12-13 12:25:52,274 [ITEM] ID/Count/Item Name - 114102148/1/Aggressive Padmarashka's Cloth Shoes to player Quinnye
2022-12-13 12:26:34,890 [ITEM] ID/Count/Item Name - 110302309/1/Executor Keio’s Leather Doublet to player Quinnye
2022-12-13 12:26:34,890 [ITEM] ID/Count/Item Name - 111302262/1/Executor Keio’s Vambraces to player Quinnye
2022-12-13 12:26:34,890 [ITEM] ID/Count/Item Name - 112302191/1/Executor Keio’s Leather Spaulders to player Quinnye
2022-12-13 12:26:34,890 [ITEM] ID/Count/Item Name - 113302273/1/Executor Keio’s Leather Legwear to player Quinnye
2022-12-13 12:26:34,890 [ITEM] ID/Count/Item Name - 114302324/1/Executor Keio’s Leather Shoes to player Quinnye
2022-12-13 12:26:59,679 [ITEM] ID/Count/Item Name - 188053787/1/Support Bundle with Normal Stigmas to player Quinnye
2022-12-13 12:26:59,960 [ITEM] ID/Count/Item Name - 182216118/1/1st Letter from Sanctum to player Quinnye
2022-12-13 12:26:59,960 [ITEM] ID/Count/Item Name - 188053787/1/Support Bundle with Normal Stigmas to player Quinnye
2022-12-13 12:27:00,273 [ITEM] ID/Count/Item Name - 182216119/1/2nd Letter from Sanctum to player Quinnye
2022-12-13 12:27:00,273 [ITEM] ID/Count/Item Name - 188053787/1/Support Bundle with Normal Stigmas to player Quinnye
2022-12-13 12:27:00,351 [ITEM] ID/Count/Item Name - 182216120/1/3rd Letter from Sanctum to player Quinnye
2022-12-13 12:27:00,351 [ITEM] ID/Count/Item Name - 188053787/1/Support Bundle with Normal Stigmas to player Quinnye
2022-12-13 12:27:00,351 [ITEM] ID/Count/Item Name - 188053785/1/Greater Stigma Bundle to player Quinnye
2022-12-13 12:27:00,491 [ITEM] ID/Count/Item Name - 182216121/1/4th Letter from Sanctum to player Quinnye
2022-12-13 12:27:00,491 [ITEM] ID/Count/Item Name - 188053787/1/Support Bundle with Normal Stigmas to player Quinnye
2022-12-13 12:27:00,491 [ITEM] ID/Count/Item Name - 188053785/1/Greater Stigma Bundle to player Quinnye
2022-12-13 12:27:00,570 [ITEM] ID/Count/Item Name - 182216122/1/5th Letter from Sanctum to player Quinnye
2022-12-13 12:27:00,570 [ITEM] ID/Count/Item Name - 188053787/1/Support Bundle with Normal Stigmas to player Quinnye
2022-12-13 12:27:00,570 [ITEM] ID/Count/Item Name - 188053785/1/Greater Stigma Bundle to player Quinnye
2022-12-13 12:27:00,570 [ITEM] ID/Count/Item Name - 188053786/1/Powerful Stigma Bundle to player Quinnye
2022-12-13 12:27:26,603 [ITEM] ID/Count/Item Name - 110551703/1/Executor Keio’s Chain Jacket to player Quinnye
2022-12-13 12:27:26,603 [ITEM] ID/Count/Item Name - 111502274/1/Executor Keio’s Chain Gauntlets to player Quinnye
2022-12-13 12:27:26,603 [ITEM] ID/Count/Item Name - 112502208/1/Executor Keio’s Chain Pauldrons to player Quinnye
2022-12-13 12:27:26,603 [ITEM] ID/Count/Item Name - 113502278/1/Executor Keio’s Chain Leggings to player Quinnye
2022-12-13 12:27:26,603 [ITEM] ID/Count/Item Name - 114502292/1/Executor Keio’s Chain Sabatons to player Quinnye
2022-12-13 12:27:44,579 [ITEM] ID/Count/Item Name - 101701746/1/Aggressive Padmarashka's Longbow to player Quinnye
2022-12-13 12:27:44,579 [ITEM] ID/Count/Item Name - 110302293/1/Aggressive Padmarashka's Leather Chest Guard to player Quinnye
2022-12-13 12:27:44,579 [ITEM] ID/Count/Item Name - 111302246/1/Aggressive Padmarashka's Leather Handguards to player Quinnye
2022-12-13 12:27:44,579 [ITEM] ID/Count/Item Name - 112302175/1/Aggressive Padmarashka's Shoulderguards to player Quinnye
2022-12-13 12:27:44,579 [ITEM] ID/Count/Item Name - 113302260/1/Aggressive Padmarashka's Leather Leg Protectors to player Quinnye
2022-12-13 12:27:44,594 [ITEM] ID/Count/Item Name - 114302308/1/Aggressive Padmarashka's Leather Boots to player Quinnye
2022-12-13 12:28:16,057 [ITEM] ID/Count/Item Name - 110102321/1/Executor Keio’s Tunic to player Quinnye
2022-12-13 12:28:16,073 [ITEM] ID/Count/Item Name - 111102123/1/Executor Keio’s Cloth Gloves to player Quinnye
2022-12-13 12:28:16,073 [ITEM] ID/Count/Item Name - 112102061/1/Executor Keio’s Cloth Spaulders to player Quinnye
2022-12-13 12:28:16,073 [ITEM] ID/Count/Item Name - 113102118/1/Executor Keio’s Cloth Breeches to player Quinnye
2022-12-13 12:28:16,073 [ITEM] ID/Count/Item Name - 114102164/1/Executor Keio’s Cloth Shoes to player Quinnye
2022-12-13 12:41:01,387 [ITEM] ID/Count/Item Name - 140001197/1/Summon Cyclone Servant to player Quinnye
2022-12-13 12:41:08,739 [ITEM] ID/Count/Item Name - 140001199/2/Healing Spirit to player Quinnye
2022-12-13 12:41:14,740 [ITEM] ID/Count/Item Name - 140001268/2/Magic Veil to player Quinnye
2022-12-13 12:50:50,340 [ITEM] ID/Count/Item Name - 188058877/1/Executor Keio’s +9 Weapons Chest (selection) to player Quinnye
2022-12-13 12:51:10,752 [ITEM] ID/Count/Item Name - 100601823/1/Executor Keio’s Spellbook to player Quinnye
2022-12-13 12:51:49,408 [ITEM] ID/Count/Item Name - 100600035/1/Mercenary Spellbook to player Quinnye
