2022-12-13 11:15:19,196 Some maps were not loaded correctly and reverted to dummy implementation: 
2022-12-13 11:15:19,196 [210100000, 210110000, 210120000, 220110000, 220120000, 220130000, 300241000, 301150000, 301310000, 301540000, 301550000, 301560000, 301570000, 301580000, 301590000, 301600000, 301610000, 301620000, 301630000, 301631000, 301640000, 301650000, 301660000, 301670000, 301680000, 301690000, 301700000, 301720000, 302000000, 302100000, 302110000, 302200000, 302300000, 302310000, 302320000, 302330000, 302340000, 302350000, 302400000, 302360000, 302370000, 302380000, 302390000, 302410000, 302420000, 310160000, 320160000, 400010000, 400020000, 400030000, 400040000, 400050000, 400060000, 510010000, 520010000, 900150000, 900220000, 900230000, 900240000]
2022-12-13 11:15:25,759 class com.aionemu.gameserver.GameServer$2 - execution time: 6517msec
2022-12-13 11:15:30,932 class com.aionemu.gameserver.utils.chathandlers.ChatProcessor$1 - execution time: 5137msec
2022-12-13 11:15:32,744 class com.aionemu.gameserver.GameServer$2 - execution time: 13512msec
2022-12-13 11:15:36,354 class com.aionemu.gameserver.GameServer$2 - execution time: 17125msec
2022-12-13 11:15:45,151 Missing zone : 301690000
2022-12-13 11:15:45,183 Missing zone : 301690000
2022-12-13 11:15:45,245 class com.aionemu.gameserver.GameServer$2 - execution time: 26012msec
2022-12-13 11:16:09,524 Automatic restart/shutdown system disable.
2022-12-13 11:32:00,620 CHECKPOINT: No Item use Action: 326609 182200007
2022-12-13 11:46:18,088 Connection with LoginServer lost...
2022-12-13 11:52:40,134 CHECKPOINT: No Item use Action: 327609 185000218
2022-12-13 11:52:40,978 CHECKPOINT: No Item use Action: 327609 185000218
2022-12-13 11:52:41,728 CHECKPOINT: No Item use Action: 327609 185000218
2022-12-13 11:52:42,103 CHECKPOINT: No Item use Action: 327609 185000218
2022-12-13 11:52:42,447 CHECKPOINT: No Item use Action: 327609 185000218
2022-12-13 11:52:42,806 CHECKPOINT: No Item use Action: 327609 185000218
2022-12-13 11:52:43,181 CHECKPOINT: No Item use Action: 327609 185000218
2022-12-13 11:52:43,494 CHECKPOINT: No Item use Action: 327609 185000218
2022-12-13 11:52:43,869 CHECKPOINT: No Item use Action: 327609 185000218
2022-12-13 11:52:44,556 CHECKPOINT: No Item use Action: 327609 185000218
2022-12-13 11:52:45,244 CHECKPOINT: No Item use Action: 327609 185000218
2022-12-13 11:52:45,775 CHECKPOINT: No Item use Action: 327609 185000218
2022-12-13 11:52:46,197 CHECKPOINT: No Item use Action: 327609 185000218
2022-12-13 11:52:46,666 CHECKPOINT: No Item use Action: 327609 185000218
2022-12-13 11:52:47,197 CHECKPOINT: No Item use Action: 327609 185000218
2022-12-13 11:52:47,619 CHECKPOINT: No Item use Action: 327609 185000218
2022-12-13 11:52:48,088 CHECKPOINT: No Item use Action: 327609 185000218
2022-12-13 11:52:48,463 CHECKPOINT: No Item use Action: 327609 185000218
2022-12-13 11:56:55,090 class com.aionemu.gameserver.utils.gametime.GameTimeUpdater - execution time: 5893msec
